<?xml version="1.0" encoding="UTF-8"?>
<!-- Generated by org.testng.reporters.JUnitReportReporter -->
<testsuite hostname="Loyolas-MBP" failures="0" tests="3" name="com.crm.qa.testcases.HomePageTest" time="73.183" errors="0" timestamp="2023-04-22T11:47:53 GMT-04:00" skipped="0">
  <testcase classname="com.crm.qa.testcases.HomePageTest" name="verifyHomePageTitleTest" time="20.265"/>
  <system-out/>
  <testcase classname="com.crm.qa.testcases.HomePageTest" name="verifyUserNameTest" time="26.989"/>
  <system-out/>
  <testcase classname="com.crm.qa.testcases.HomePageTest" name="verifyContactsLinkTest" time="25.929"/>
  <system-out/>
</testsuite> <!-- com.crm.qa.testcases.HomePageTest -->
