<?xml version="1.0" encoding="UTF-8"?>
<!-- Generated by org.testng.reporters.JUnitReportReporter -->
<testsuite hostname="Loyolas-MBP" failures="0" tests="3" name="com.crm.qa.testcases.HomePageTest" time="69.110" errors="0" timestamp="2023-04-28T17:10:11 GMT-04:00" skipped="0">
  <testcase classname="com.crm.qa.testcases.HomePageTest" name="verifyHomePageTitleTest" time="18.636"/>
  <system-out/>
  <testcase classname="com.crm.qa.testcases.HomePageTest" name="verifyUserNameTest" time="25.869"/>
  <system-out/>
  <testcase classname="com.crm.qa.testcases.HomePageTest" name="verifyContactsLinkTest" time="24.605"/>
  <system-out/>
</testsuite> <!-- com.crm.qa.testcases.HomePageTest -->
