<?xml version="1.0" encoding="UTF-8"?>
<!-- Generated by org.testng.reporters.JUnitReportReporter -->
<testsuite hostname="Loyolas-MBP" failures="0" tests="3" name="com.crm.qa.testcases.HomePageTest" time="66.936" errors="0" timestamp="2023-04-28T11:00:01 GMT-04:00" skipped="0">
  <testcase classname="com.crm.qa.testcases.HomePageTest" name="verifyHomePageTitleTest" time="18.672"/>
  <system-out/>
  <testcase classname="com.crm.qa.testcases.HomePageTest" name="verifyUserNameTest" time="24.150"/>
  <system-out/>
  <testcase classname="com.crm.qa.testcases.HomePageTest" name="verifyContactsLinkTest" time="24.114"/>
  <system-out/>
</testsuite> <!-- com.crm.qa.testcases.HomePageTest -->
